<?xml version="1.0" encoding="UTF-8"?>
<!-- Generated by org.testng.reporters.JUnitXMLReporter -->
<testsuite ignored="0" hostname="LIN51014513" failures="0" tests="5" name="Default test" time="3.786" errors="0" timestamp="11 Aug 2021 10:02:55 GMT">
  <testcase classname="Testcases.Testcase" name="getmethod1" time="1.86"/>
  <testcase classname="Testcases.Testcase" name="getmethod2" time="0.356"/>
  <testcase classname="Testcases.Testcase" name="getmethod3" time="0.345"/>
  <testcase classname="Testcases.Testcase" name="getmethod4" time="0.901"/>
  <testcase classname="Testcases.Testcase" name="getmethod5" time="0.289"/>
</testsuite> <!-- Default test -->
