<?xml version="1.0" encoding="UTF-8"?>
<testng-results ignored="0" total="1" passed="1" failed="0" skipped="0">
  <reporter-output>
  </reporter-output>
  <suite started-at="2021-08-14T19:45:53 IST" name="Default suite" finished-at="2021-08-14T19:46:01 IST" duration-ms="7977">
    <groups>
    </groups>
    <test started-at="2021-08-14T19:45:53 IST" name="Default test" finished-at="2021-08-14T19:46:01 IST" duration-ms="7977">
      <class name="com.herokuapp.rest.GetBookingIdtest2postonedata">
        <test-method signature="CreateBookingTestpost()[pri:0, instance:com.herokuapp.rest.GetBookingIdtest2postonedata@2cd2a21f]" started-at="2021-08-14T19:45:53 IST" name="CreateBookingTestpost" finished-at="2021-08-14T19:46:01 IST" duration-ms="7918" status="PASS">
          <reporter-output>
          </reporter-output>
        </test-method> <!-- CreateBookingTestpost -->
      </class> <!-- com.herokuapp.rest.GetBookingIdtest2postonedata -->
    </test> <!-- Default test -->
  </suite> <!-- Default suite -->
</testng-results>
