<?xml version="1.0" encoding="UTF-8"?>
<testng-results ignored="0" total="5" passed="5" failed="0" skipped="0">
  <reporter-output>
  </reporter-output>
  <suite started-at="2021-08-11T10:02:52Z" name="Default suite" finished-at="2021-08-11T10:02:55Z" duration-ms="3786">
    <groups>
    </groups>
    <test started-at="2021-08-11T10:02:52Z" name="Default test" finished-at="2021-08-11T10:02:55Z" duration-ms="3786">
      <class name="Testcases.Testcase">
        <test-method signature="getmethod1()[pri:1, instance:Testcases.Testcase@3e6f3f28]" started-at="2021-08-11T15:32:52Z" name="getmethod1" finished-at="2021-08-11T15:32:53Z" duration-ms="1860" status="PASS">
          <reporter-output>
          </reporter-output>
        </test-method> <!-- getmethod1 -->
        <test-method signature="getmethod2()[pri:2, instance:Testcases.Testcase@3e6f3f28]" started-at="2021-08-11T15:32:54Z" name="getmethod2" finished-at="2021-08-11T15:32:54Z" duration-ms="356" status="PASS">
          <reporter-output>
          </reporter-output>
        </test-method> <!-- getmethod2 -->
        <test-method signature="getmethod3()[pri:3, instance:Testcases.Testcase@3e6f3f28]" started-at="2021-08-11T15:32:54Z" name="getmethod3" finished-at="2021-08-11T15:32:54Z" duration-ms="345" status="PASS">
          <reporter-output>
          </reporter-output>
        </test-method> <!-- getmethod3 -->
        <test-method signature="getmethod4()[pri:4, instance:Testcases.Testcase@3e6f3f28]" started-at="2021-08-11T15:32:54Z" name="getmethod4" finished-at="2021-08-11T15:32:55Z" duration-ms="901" status="PASS">
          <reporter-output>
          </reporter-output>
        </test-method> <!-- getmethod4 -->
        <test-method signature="getmethod5()[pri:5, instance:Testcases.Testcase@3e6f3f28]" started-at="2021-08-11T15:32:55Z" name="getmethod5" finished-at="2021-08-11T15:32:55Z" duration-ms="289" status="PASS">
          <reporter-output>
          </reporter-output>
        </test-method> <!-- getmethod5 -->
      </class> <!-- Testcases.Testcase -->
    </test> <!-- Default test -->
  </suite> <!-- Default suite -->
</testng-results>
